<?xml version="1.0" encoding="UTF-8"?>
<!-- Generated by org.testng.reporters.JUnitReportReporter -->
<testsuite skipped="0" hostname="DESKTOP-0EBL5RT" name="com.testngprogram.Day3" tests="1" failures="0" timestamp="29 Mar 2023 13:41:46 GMT" time="0.003" errors="0">
  <testcase name="teste" time="0.003" classname="com.testngprogram.Day3"/>
</testsuite> <!-- com.testngprogram.Day3 -->
