<?xml version="1.0" encoding="UTF-8"?>
<!-- Generated by org.testng.reporters.JUnitReportReporter -->
<testsuite skipped="0" hostname="DESKTOP-0EBL5RT" name="com.enable.Paramet" tests="1" failures="0" timestamp="29 Mar 2023 10:31:48 GMT" time="0.017" errors="0">
  <testcase name="test1" time="0.017" classname="com.enable.Paramet"/>
</testsuite> <!-- com.enable.Paramet -->
