<?xml version="1.0" encoding="UTF-8"?>
<!-- Generated by org.testng.reporters.JUnitReportReporter -->
<testsuite skipped="0" hostname="DESKTOP-0EBL5RT" name="priority.Advantage" tests="4" failures="0" timestamp="28 Mar 2023 07:02:27 GMT" time="0.019" errors="0">
  <testcase name="test03" time="0.003" classname="priority.Advantage"/>
  <testcase name="test02" time="0.002" classname="priority.Advantage"/>
  <testcase name="test01" time="0.012" classname="priority.Advantage"/>
  <testcase name="test04" time="0.002" classname="priority.Advantage"/>
</testsuite> <!-- priority.Advantage -->
