<?xml version="1.0" encoding="UTF-8"?>
<!-- Generated by org.testng.reporters.JUnitReportReporter -->
<testsuite skipped="0" hostname="DESKTOP-0EBL5RT" name="org.manual.Manualhand" tests="2" failures="0" timestamp="30 Mar 2023 04:03:44 GMT" time="0.012" errors="0">
  <testcase name="clas1" time="0.002" classname="org.manual.Manualhand"/>
  <testcase name="clas3" time="0.010" classname="org.manual.Manualhand"/>
</testsuite> <!-- org.manual.Manualhand -->
