<?xml version="1.0" encoding="UTF-8"?>
<!-- Generated by org.testng.reporters.JUnitReportReporter -->
<testsuite skipped="0" hostname="DESKTOP-0EBL5RT" name="com.enable.Group" tests="3" failures="0" timestamp="29 Mar 2023 10:26:48 GMT" time="0.018" errors="0">
  <testcase name="test01" time="0.012" classname="com.enable.Group"/>
  <testcase name="test04" time="0.000" classname="com.enable.Group"/>
  <testcase name="test05" time="0.006" classname="com.enable.Group"/>
</testsuite> <!-- com.enable.Group -->
