<?xml version="1.0" encoding="UTF-8"?>
<!-- Generated by org.testng.reporters.JUnitReportReporter -->
<testsuite skipped="0" hostname="DESKTOP-0EBL5RT" name="com.enable.Testngenable" tests="1" failures="0" timestamp="29 Mar 2023 07:52:56 GMT" time="0.012" errors="0">
  <testcase name="day07" time="0.012" classname="com.enable.Testngenable"/>
</testsuite> <!-- com.enable.Testngenable -->
