<?xml version="1.0" encoding="UTF-8"?>
<!-- Generated by org.testng.reporters.JUnitReportReporter -->
<testsuite skipped="0" hostname="DESKTOP-0EBL5RT" name="com.enable.Fb" tests="1" failures="0" timestamp="30 Mar 2023 03:34:36 GMT" time="0.105" errors="0">
  <testcase name="logic" time="0.105" classname="com.enable.Fb"/>
</testsuite> <!-- com.enable.Fb -->
