<?xml version="1.0" encoding="UTF-8"?>
<!-- Generated by org.testng.reporters.JUnitReportReporter -->
<testsuite skipped="0" hostname="DESKTOP-0EBL5RT" name="com.enable.Fbparameter" tests="1" failures="0" timestamp="08 Apr 2023 04:17:14 GMT" time="89.623" errors="0">
  <testcase name="launch" time="89.623" classname="com.enable.Fbparameter"/>
</testsuite> <!-- com.enable.Fbparameter -->
